<?xml version="1.0" encoding="UTF-8"?>
<!-- Generated by org.testng.reporters.JUnitXMLReporter -->
<testsuite ignored="2" hostname="LAPTOP-C7726FE2" failures="0" tests="1" name="Test" time="122.284" errors="0" timestamp="2023-05-04T12:39:54 IST">
  <testcase classname="Testscript.Logging" name="LOGGIN" time="121.353"/>
  <testcase classname="initialization.Baseclass" name="@BeforeTest setUpReports" time="0.0">
    <ignored/>
  </testcase> <!-- @BeforeTest setUpReports -->
  <testcase classname="initialization.Baseclass" name="@BeforeSuite setUp" time="0.0">
    <ignored/>
  </testcase> <!-- @BeforeSuite setUp -->
</testsuite> <!-- Test -->
