<?xml version="1.0" encoding="UTF-8"?>
<!-- Generated by org.testng.reporters.JUnitXMLReporter -->
<testsuite ignored="10" hostname="LAPTOP-C7726FE2" failures="0" tests="5" name="Test" time="69.877" errors="0" timestamp="2023-05-21T23:01:26 IST">
  <testcase classname="Testscript.installzomato" name="appintall" time="48.485"/>
  <testcase classname="Testscript.Loginintozomato" name="Loginpage" time="3.486"/>
  <testcase classname="Testscript.SearchHotel" name="Restorentsearch" time="16.626"/>
  <testcase classname="Testscript.AddCarttoitems" name="addcart" time="0.004"/>
  <testcase classname="Testscript.Confirmandplaceorder" name="placeorder" time="0.003"/>
  <testcase classname="initialization.Baseclass" name="@BeforeSuite setUp" time="0.0">
    <ignored/>
  </testcase> <!-- @BeforeSuite setUp -->
  <testcase classname="initialization.Baseclass" name="@BeforeTest setUpReports" time="0.0">
    <ignored/>
  </testcase> <!-- @BeforeTest setUpReports -->
  <testcase classname="initialization.Baseclass" name="@BeforeSuite setUp" time="0.0">
    <ignored/>
  </testcase> <!-- @BeforeSuite setUp -->
  <testcase classname="initialization.Baseclass" name="@BeforeTest setUpReports" time="0.0">
    <ignored/>
  </testcase> <!-- @BeforeTest setUpReports -->
  <testcase classname="initialization.Baseclass" name="@BeforeSuite setUp" time="0.0">
    <ignored/>
  </testcase> <!-- @BeforeSuite setUp -->
  <testcase classname="initialization.Baseclass" name="@BeforeTest setUpReports" time="0.0">
    <ignored/>
  </testcase> <!-- @BeforeTest setUpReports -->
  <testcase classname="initialization.Baseclass" name="@BeforeTest setUpReports" time="0.0">
    <ignored/>
  </testcase> <!-- @BeforeTest setUpReports -->
  <testcase classname="initialization.Baseclass" name="@BeforeSuite setUp" time="0.0">
    <ignored/>
  </testcase> <!-- @BeforeSuite setUp -->
  <testcase classname="initialization.Baseclass" name="@BeforeSuite setUp" time="0.0">
    <ignored/>
  </testcase> <!-- @BeforeSuite setUp -->
  <testcase classname="initialization.Baseclass" name="@BeforeTest setUpReports" time="0.0">
    <ignored/>
  </testcase> <!-- @BeforeTest setUpReports -->
</testsuite> <!-- Test -->
