<?xml version="1.0" encoding="UTF-8"?>
<testng-results ignored="10" total="15" passed="5" failed="0" skipped="0">
  <reporter-output>
  </reporter-output>
  <suite started-at="2023-05-21T23:00:16 IST" name="Suite" finished-at="2023-05-21T23:01:26 IST" duration-ms="69877">
    <groups>
    </groups>
    <test started-at="2023-05-21T23:00:16 IST" name="Test" finished-at="2023-05-21T23:01:26 IST" duration-ms="69877">
      <class name="Testscript.installzomato">
        <test-method signature="appintall()[pri:0, instance:Testscript.installzomato@1f81aa00]" started-at="2023-05-21T23:00:17 IST" name="appintall" finished-at="2023-05-21T23:01:06 IST" duration-ms="48485" status="PASS">
          <reporter-output>
          </reporter-output>
        </test-method> <!-- appintall -->
        <test-method is-config="true" signature="afterMethod()[pri:0, instance:Testscript.installzomato@1f81aa00]" started-at="2023-05-21T23:01:06 IST" name="afterMethod" finished-at="2023-05-21T23:01:06 IST" duration-ms="46" status="PASS">
          <reporter-output>
          </reporter-output>
        </test-method> <!-- afterMethod -->
        <test-method is-config="true" signature="getResult(org.testng.ITestResult)[pri:0, instance:Testscript.installzomato@1f81aa00]" started-at="2023-05-21T23:01:06 IST" name="getResult" finished-at="2023-05-21T23:01:06 IST" duration-ms="8" status="PASS">
          <params>
            <param index="0">
              <value>
                <![CDATA[[TestResult name=appintall status=SUCCESS method=installzomato.appintall()[pri:0, instance:Testscript.installzomato@1f81aa00] output={null}]]]>
              </value>
            </param>
          </params>
          <reporter-output>
          </reporter-output>
        </test-method> <!-- getResult -->
      </class> <!-- Testscript.installzomato -->
      <class name="Testscript.Confirmandplaceorder">
        <test-method signature="placeorder()[pri:0, instance:Testscript.Confirmandplaceorder@55c53a33]" started-at="2023-05-21T23:01:26 IST" name="placeorder" finished-at="2023-05-21T23:01:26 IST" duration-ms="3" status="PASS">
          <reporter-output>
          </reporter-output>
        </test-method> <!-- placeorder -->
        <test-method is-config="true" signature="afterMethod()[pri:0, instance:Testscript.Confirmandplaceorder@55c53a33]" started-at="2023-05-21T23:01:26 IST" name="afterMethod" finished-at="2023-05-21T23:01:26 IST" duration-ms="11" status="PASS">
          <reporter-output>
          </reporter-output>
        </test-method> <!-- afterMethod -->
        <test-method is-config="true" signature="getResult(org.testng.ITestResult)[pri:0, instance:Testscript.Confirmandplaceorder@55c53a33]" started-at="2023-05-21T23:01:26 IST" name="getResult" finished-at="2023-05-21T23:01:26 IST" duration-ms="0" status="PASS">
          <params>
            <param index="0">
              <value>
                <![CDATA[[TestResult name=placeorder status=SUCCESS method=Confirmandplaceorder.placeorder()[pri:0, instance:Testscript.Confirmandplaceorder@55c53a33] output={null}]]]>
              </value>
            </param>
          </params>
          <reporter-output>
          </reporter-output>
        </test-method> <!-- getResult -->
      </class> <!-- Testscript.Confirmandplaceorder -->
      <class name="Testscript.AddCarttoitems">
        <test-method signature="addcart()[pri:0, instance:Testscript.AddCarttoitems@1787bc24]" started-at="2023-05-21T23:01:26 IST" name="addcart" finished-at="2023-05-21T23:01:26 IST" duration-ms="4" status="PASS">
          <reporter-output>
          </reporter-output>
        </test-method> <!-- addcart -->
        <test-method is-config="true" signature="afterMethod()[pri:0, instance:Testscript.AddCarttoitems@1787bc24]" started-at="2023-05-21T23:01:26 IST" name="afterMethod" finished-at="2023-05-21T23:01:26 IST" duration-ms="12" status="PASS">
          <reporter-output>
          </reporter-output>
        </test-method> <!-- afterMethod -->
        <test-method is-config="true" signature="getResult(org.testng.ITestResult)[pri:0, instance:Testscript.AddCarttoitems@1787bc24]" started-at="2023-05-21T23:01:26 IST" name="getResult" finished-at="2023-05-21T23:01:26 IST" duration-ms="0" status="PASS">
          <params>
            <param index="0">
              <value>
                <![CDATA[[TestResult name=addcart status=SUCCESS method=AddCarttoitems.addcart()[pri:0, instance:Testscript.AddCarttoitems@1787bc24] output={null}]]]>
              </value>
            </param>
          </params>
          <reporter-output>
          </reporter-output>
        </test-method> <!-- getResult -->
      </class> <!-- Testscript.AddCarttoitems -->
      <class name="Testscript.SearchHotel">
        <test-method signature="Restorentsearch()[pri:0, instance:Testscript.SearchHotel@1863d2fe]" started-at="2023-05-21T23:01:10 IST" name="Restorentsearch" finished-at="2023-05-21T23:01:26 IST" duration-ms="16626" status="PASS">
          <reporter-output>
          </reporter-output>
        </test-method> <!-- Restorentsearch -->
        <test-method is-config="true" signature="afterMethod()[pri:0, instance:Testscript.SearchHotel@1863d2fe]" started-at="2023-05-21T23:01:26 IST" name="afterMethod" finished-at="2023-05-21T23:01:26 IST" duration-ms="26" status="PASS">
          <reporter-output>
          </reporter-output>
        </test-method> <!-- afterMethod -->
        <test-method is-config="true" signature="getResult(org.testng.ITestResult)[pri:0, instance:Testscript.SearchHotel@1863d2fe]" started-at="2023-05-21T23:01:26 IST" name="getResult" finished-at="2023-05-21T23:01:26 IST" duration-ms="1" status="PASS">
          <params>
            <param index="0">
              <value>
                <![CDATA[[TestResult name=Restorentsearch status=SUCCESS method=SearchHotel.Restorentsearch()[pri:0, instance:Testscript.SearchHotel@1863d2fe] output={null}]]]>
              </value>
            </param>
          </params>
          <reporter-output>
          </reporter-output>
        </test-method> <!-- getResult -->
      </class> <!-- Testscript.SearchHotel -->
      <class name="Testscript.Loginintozomato">
        <test-method signature="Loginpage()[pri:0, instance:Testscript.Loginintozomato@6b6776cb]" started-at="2023-05-21T23:01:06 IST" name="Loginpage" finished-at="2023-05-21T23:01:09 IST" duration-ms="3486" status="PASS">
          <reporter-output>
          </reporter-output>
        </test-method> <!-- Loginpage -->
        <test-method is-config="true" signature="afterMethod()[pri:0, instance:Testscript.Loginintozomato@6b6776cb]" started-at="2023-05-21T23:01:09 IST" name="afterMethod" finished-at="2023-05-21T23:01:09 IST" duration-ms="29" status="PASS">
          <reporter-output>
          </reporter-output>
        </test-method> <!-- afterMethod -->
        <test-method is-config="true" signature="getResult(org.testng.ITestResult)[pri:0, instance:Testscript.Loginintozomato@6b6776cb]" started-at="2023-05-21T23:01:09 IST" name="getResult" finished-at="2023-05-21T23:01:09 IST" duration-ms="1" status="PASS">
          <params>
            <param index="0">
              <value>
                <![CDATA[[TestResult name=Loginpage status=SUCCESS method=Loginintozomato.Loginpage()[pri:0, instance:Testscript.Loginintozomato@6b6776cb] output={null}]]]>
              </value>
            </param>
          </params>
          <reporter-output>
          </reporter-output>
        </test-method> <!-- getResult -->
      </class> <!-- Testscript.Loginintozomato -->
      <class name="initialization.Baseclass">
        <test-method is-config="true" signature="setUp()[pri:0, instance:initialization.Baseclass@4ef782af]" started-at="2023-05-21T23:00:02 IST" name="setUp" finished-at="2023-05-21T23:00:16 IST" duration-ms="14071" status="PASS">
          <reporter-output>
          </reporter-output>
        </test-method> <!-- setUp -->
        <test-method is-config="true" signature="setUpReports()[pri:0, instance:initialization.Baseclass@4ef782af]" started-at="2023-05-21T23:00:16 IST" name="setUpReports" finished-at="2023-05-21T23:00:17 IST" duration-ms="1022" status="PASS">
          <reporter-output>
          </reporter-output>
        </test-method> <!-- setUpReports -->
      </class> <!-- initialization.Baseclass -->
    </test> <!-- Test -->
  </suite> <!-- Suite -->
</testng-results>
