<?xml version="1.0" encoding="UTF-8"?>
<testng-results ignored="2" total="3" passed="1" failed="0" skipped="0">
  <reporter-output>
  </reporter-output>
  <suite started-at="2023-05-04T12:37:52 IST" name="Suite" finished-at="2023-05-04T12:39:54 IST" duration-ms="122284">
    <groups>
    </groups>
    <test started-at="2023-05-04T12:37:52 IST" name="Test" finished-at="2023-05-04T12:39:54 IST" duration-ms="122284">
      <class name="Testscript.Logging">
        <test-method signature="LOGGIN()[pri:0, instance:Testscript.Logging@34f5090e]" started-at="2023-05-04T12:37:53 IST" name="LOGGIN" finished-at="2023-05-04T12:39:54 IST" duration-ms="121353" status="PASS">
          <reporter-output>
          </reporter-output>
        </test-method> <!-- LOGGIN -->
        <test-method is-config="true" signature="afterMethod()[pri:0, instance:Testscript.Logging@34f5090e]" started-at="2023-05-04T12:39:54 IST" name="afterMethod" finished-at="2023-05-04T12:39:54 IST" duration-ms="46" status="PASS">
          <reporter-output>
          </reporter-output>
        </test-method> <!-- afterMethod -->
        <test-method is-config="true" signature="getResult(org.testng.ITestResult)[pri:0, instance:Testscript.Logging@34f5090e]" started-at="2023-05-04T12:39:54 IST" name="getResult" finished-at="2023-05-04T12:39:54 IST" duration-ms="9" status="PASS">
          <params>
            <param index="0">
              <value>
                <![CDATA[[TestResult name=LOGGIN status=SUCCESS method=Logging.LOGGIN()[pri:0, instance:Testscript.Logging@34f5090e] output={null}]]]>
              </value>
            </param>
          </params>
          <reporter-output>
          </reporter-output>
        </test-method> <!-- getResult -->
      </class> <!-- Testscript.Logging -->
      <class name="initialization.Baseclass">
        <test-method is-config="true" signature="setUp()[pri:0, instance:initialization.Baseclass@5fd4f8f5]" started-at="2023-05-04T12:37:32 IST" name="setUp" finished-at="2023-05-04T12:37:52 IST" duration-ms="20069" status="PASS">
          <reporter-output>
          </reporter-output>
        </test-method> <!-- setUp -->
        <test-method is-config="true" signature="setUpReports()[pri:0, instance:initialization.Baseclass@5fd4f8f5]" started-at="2023-05-04T12:37:52 IST" name="setUpReports" finished-at="2023-05-04T12:37:53 IST" duration-ms="806" status="PASS">
          <reporter-output>
          </reporter-output>
        </test-method> <!-- setUpReports -->
      </class> <!-- initialization.Baseclass -->
    </test> <!-- Test -->
  </suite> <!-- Suite -->
</testng-results>
